#
# A fatal error has been detected by the Java Runtime Environment:
#
#  SIGBUS (0xa) at pc=0x000000010e33fade, pid=75875, tid=16899
#
# JRE version: Java(TM) SE Runtime Environment (16.0.2+7) (build 16.0.2+7-67)
# Java VM: Java HotSpot(TM) 64-Bit Server VM (16.0.2+7-67, mixed mode, sharing, tiered, compressed oops, compressed class ptrs, g1 gc, bsd-amd64)
# Problematic frame:
# V  [libjvm.dylib+0x33fade]  ConstantPool::impl_signature_ref_at(int, bool)+0x1e
#
# No core dump will be written. Core dumps have been disabled. To enable core dumping, try "ulimit -c unlimited" before starting Java again
#
# If you would like to submit a bug report, please visit:
#   https://bugreport.java.com/bugreport/crash.jsp
#

---------------  S U M M A R Y ------------

Command Line: -agentlib:jdwp=transport=dt_socket,address=127.0.0.1:58145,suspend=y,server=n -ea -Didea.test.cyclic.buffer.size=1048576 -javaagent:/Users/yuka/Library/Caches/JetBrains/IdeaIC2021.2/captureAgent/debugger-agent.jar -Dfile.encoding=UTF-8 com.intellij.rt.junit.JUnitStarter -ideVersion5 -junit5 passoff.HangmanTest

Host: MacBookAir9,1 x86_64 1100 MHz, 4 cores, 8G, Darwin 20.6.0, macOS 10.16 (20G80)
Time: Tue Sep 21 15:58:51 2021 MDT elapsed time: 1831.298810 seconds (0d 0h 30m 31s)

---------------  T H R E A D  ---------------

Current thread (0x00007fe3ac62eff0):  VMThread "VM Thread" [stack: 0x0000700000f5c000,0x000070000105c000] [id=16899]

Stack: [0x0000700000f5c000,0x000070000105c000],  sp=0x000070000105a0f0,  free space=1016k
Native frames: (J=compiled Java code, A=aot compiled Java code, j=interpreted, Vv=VM code, C=native code)
V  [libjvm.dylib+0x33fade]  ConstantPool::impl_signature_ref_at(int, bool)+0x1e
V  [libjvm.dylib+0x489ee0]  GenerateOopMap::do_method(int, int, int, int)+0x40
V  [libjvm.dylib+0x484a9f]  GenerateOopMap::interp_bb(BasicBlock*)+0xdf
V  [libjvm.dylib+0x484259]  GenerateOopMap::do_interpretation()+0x99
V  [libjvm.dylib+0x48ad76]  GenerateOopMap::compute_map(Thread*)+0x1f6
V  [libjvm.dylib+0x88436a]  OopMapForCacheEntry::compute_map(Thread*)+0x5a
V  [libjvm.dylib+0x88518f]  OopMapCacheEntry::fill(methodHandle const&, int)+0xcf
V  [libjvm.dylib+0x8863db]  OopMapCache::compute_one_oop_map(methodHandle const&, int, InterpreterOopMap*)+0x6b
V  [libjvm.dylib+0x833436]  Method::mask_for(int, InterpreterOopMap*)+0x96
V  [libjvm.dylib+0xa6d40d]  interpretedVFrame::stack_data(bool) const+0x4d
V  [libjvm.dylib+0x6daba3]  VM_GetOrSetLocal::doit()+0x173
V  [libjvm.dylib+0xa80c16]  VM_Operation::evaluate()+0xd6
V  [libjvm.dylib+0xa85ed6]  VMThread::evaluate_operation(VM_Operation*)+0x136
V  [libjvm.dylib+0xa866a4]  VMThread::inner_execute(VM_Operation*)+0x194
V  [libjvm.dylib+0xa85b3c]  VMThread::run()+0xbc
V  [libjvm.dylib+0xa01d11]  Thread::call_run()+0x71
V  [libjvm.dylib+0x890937]  thread_native_entry(Thread*)+0x157
C  [libsystem_pthread.dylib+0x68fc]  _pthread_start+0xe0
C  [libsystem_pthread.dylib+0x2443]  thread_start+0xf


siginfo: si_signo: 10 (SIGBUS), si_code: 2 (BUS_ADRERR), si_addr: 0x000000012c9a3248

Register to memory mapping:

RAX=0x000000012c94efc0 is pointing into metadata
RBX=0x000070000105a598 points into unknown readable memory: 0x00007fe3ae8a52d0 | d0 52 8a ae e3 7f 00 00
RCX=0x0000000000054260 is an unknown value
RDX=0x0 is NULL
RSP=0x000070000105a0f0 points into unknown readable memory: 0x000070000105a580 | 80 a5 05 01 00 70 00 00
RBP=0x000070000105a0f0 points into unknown readable memory: 0x000070000105a580 | 80 a5 05 01 00 70 00 00
RSI=0x0000000000002a13 is an unknown value
RDI=0x000000012c94dc80 is pointing into metadata
R8 =0x0000000000000293 is an unknown value
R9 =0x000000000000000e is an unknown value
R10=0x00007fe3ae8a59d0 points into unknown readable memory: 0x2fffffff47000000 | 00 00 00 47 ff ff ff 2f
R11=0xfffffffffffff6b8 is an unknown value
R12=0x000070000105a720 points into unknown readable memory: 0x000000010ec45068 | 68 50 c4 0e 01 00 00 00
R13=0x0 is NULL
R14=0x0 is NULL
R15=0x0000000000000293 is an unknown value


Registers:
RAX=0x000000012c94efc0, RBX=0x000070000105a598, RCX=0x0000000000054260, RDX=0x0000000000000000
RSP=0x000070000105a0f0, RBP=0x000070000105a0f0, RSI=0x0000000000002a13, RDI=0x000000012c94dc80
R8 =0x0000000000000293, R9 =0x000000000000000e, R10=0x00007fe3ae8a59d0, R11=0xfffffffffffff6b8
R12=0x000070000105a720, R13=0x0000000000000000, R14=0x0000000000000000, R15=0x0000000000000293
RIP=0x000000010e33fade, EFLAGS=0x0000000000010206, ERR=0x0000000000000004
  TRAPNO=0x000000000000000e

Top of Stack: (sp=0x000070000105a0f0)
0x000070000105a0f0:   000070000105a580 000000010e489ee0
0x000070000105a100:   0000000000000000 000000080041efb8
0x000070000105a110:   000070000000000c 0000000000000000
0x000070000105a120:   000070000105a130 0000000100000001
0x000070000105a130:   4fffffff4fffffff 000000014fffffff
0x000070000105a140:   000070000105a1d8 000070000105a1d8
0x000070000105a150:   000070000105a1c0 000000010e48bba1
0x000070000105a160:   000070000105a1c0 0000000800417440
0x000070000105a170:   0000002600000014 0000000000000026
0x000070000105a180:   000000030000000c 0000000800411068
0x000070000105a190:   0000000000000000 000070000105a668
0x000070000105a1a0:   000070000105a720 0000000000000000
0x000070000105a1b0:   0000000000000000 0000000046000255
0x000070000105a1c0:   000070000105a650 000000010e48a0cd
0x000070000105a1d0:   000000010000000c 0000000800417440
0x000070000105a1e0:   000070000000000c 0000000000000000
0x000070000105a1f0:   000070000105a200 0000000100000002
0x000070000105a200:   4fffffff4fffffff 000070000105a298
0x000070000105a210:   000070000105a280 000000010e48bba1
0x000070000105a220:   000070000105a280 0000000800417440
0x000070000105a230:   0000002600000014 0000000000000026
0x000070000105a240:   000000030000000c 0000000800411068
0x000070000105a250:   0000000000000000 000070000105a728
0x000070000105a260:   000070000105a7e0 0000000000000000
0x000070000105a270:   0000000000000000 0000000046000255
0x000070000105a280:   000070000105a710 000000010e48a0cd
0x000070000105a290:   0000000000000004 0000000800417440
0x000070000105a2a0:   000000000000000c 0000000000000000
0x000070000105a2b0:   000070000105a2c0 00007fff00000002
0x000070000105a2c0:   4fffffff4fffffff 00007fe3ac573890
0x000070000105a2d0:   000070000105a320 00007fff203a5f79
0x000070000105a2e0:   0000000000000002 00007fff203a5bfd 

Instructions: (pc=0x000000010e33fade)
0x000000010e33f9de:   48 8b 54 08 30 48 85 d2 74 15 48 83 c0 28 48 8b
0x000000010e33f9ee:   44 08 18 c1 e8 19 83 e0 01 5d c3 31 c0 5d c3 31
0x000000010e33f9fe:   c0 5d c3 66 2e 0f 1f 84 00 00 00 00 00 0f 1f 44
0x000000010e33fa0e:   00 00 55 48 89 e5 85 d2 75 20 48 8b 47 10 48 85
0x000000010e33fa1e:   c0 74 17 85 f6 79 02 f7 d6 48 63 ce 48 c1 e1 05
0x000000010e33fa2e:   48 8b 44 08 28 0f b7 c0 eb 16 48 8b 4f 08 48 63
0x000000010e33fa3e:   c6 8a 4c 01 04 8d 51 ef 80 fa 02 72 03 80 f9 6a
0x000000010e33fa4e:   48 8d 44 c7 48 48 83 c7 48 8b 00 48 c1 e8 0d 25
0x000000010e33fa5e:   f8 ff 07 00 0f b7 04 07 48 8b 04 c7 5d c3 0f 1f
0x000000010e33fa6e:   40 00 55 48 89 e5 48 63 c6 0f b7 44 c7 48 5d c3
0x000000010e33fa7e:   66 90 55 48 89 e5 85 d2 75 25 48 8b 47 10 48 85
0x000000010e33fa8e:   c0 74 1c 85 f6 79 02 f7 d6 48 63 ce 48 c1 e1 05
0x000000010e33fa9e:   48 8b 44 08 28 0f b7 c0 0f b7 44 c7 4a 5d c3 48
0x000000010e33faae:   8b 4f 08 48 63 c6 8a 4c 01 04 0f b7 44 c7 4a 5d
0x000000010e33fabe:   c3 90 55 48 89 e5 85 d2 75 20 48 8b 47 10 48 85
0x000000010e33face:   c0 74 17 85 f6 79 02 f7 d6 48 63 ce 48 c1 e1 05
0x000000010e33fade:   48 8b 44 08 28 0f b7 c0 eb 16 48 8b 4f 08 48 63
0x000000010e33faee:   c6 8a 4c 01 04 8d 51 ef 80 fa 02 72 03 80 f9 6a
0x000000010e33fafe:   48 8d 44 c7 48 48 83 c7 48 8b 00 48 c1 e8 0d 25
0x000000010e33fb0e:   f8 ff 07 00 8b 04 07 48 c1 e8 0d 25 f8 ff 07 00
0x000000010e33fb1e:   48 8b 04 07 5d c3 66 2e 0f 1f 84 00 00 00 00 00
0x000000010e33fb2e:   66 90 55 48 89 e5 48 63 c6 0f b7 44 c7 4a 5d c3
0x000000010e33fb3e:   66 90 55 48 89 e5 48 8b 47 10 48 63 ce 48 c1 e1
0x000000010e33fb4e:   05 48 8b 44 08 28 0f b7 c0 5d c3 0f 1f 80 00 00
0x000000010e33fb5e:   00 00 55 48 89 e5 85 d2 75 1e 48 8b 47 10 48 85
0x000000010e33fb6e:   c0 74 15 85 f6 79 02 f7 d6 48 63 ce 48 c1 e1 05
0x000000010e33fb7e:   48 8b 44 08 28 0f b7 f0 48 8b 47 08 48 63 ce 8a
0x000000010e33fb8e:   44 08 04 5d c3 66 2e 0f 1f 84 00 00 00 00 00 0f
0x000000010e33fb9e:   1f 00 55 48 89 e5 41 57 41 56 53 50 41 89 d7 89
0x000000010e33fbae:   f3 49 89 fe 85 f6 78 1f 45 84 ff 75 45 49 8b 46
0x000000010e33fbbe:   10 48 85 c0 74 3c 48 63 cb 48 c1 e1 05 48 8b 44
0x000000010e33fbce:   08 28 0f b7 d8 eb 2b 48 8d 3d e6 95 7c 00 48 8d 


Stack slot to memory mapping:
stack at sp + 0 slots: 0x000070000105a580 points into unknown readable memory: 0x000070000105a5f0 | f0 a5 05 01 00 70 00 00
stack at sp + 1 slots: 0x000000010e489ee0: _ZN14GenerateOopMap9do_methodEiiii+0x40 in /Library/Java/JavaVirtualMachines/jdk-16.0.2.jdk/Contents/Home/lib/server/libjvm.dylib at 0x000000010e000000
stack at sp + 2 slots: 0x0 is NULL
stack at sp + 3 slots: 0x000000080041efb8 is pointing into metadata
stack at sp + 4 slots: 0x000070000000000c is an unknown value
stack at sp + 5 slots: 0x0 is NULL
stack at sp + 6 slots: 0x000070000105a130 points into unknown readable memory: 0x4fffffff4fffffff | ff ff ff 4f ff ff ff 4f
stack at sp + 7 slots: 0x0000000100000001 is an unknown value

VM_Operation (0x0000700001b7faa8): get/set locals, mode: safepoint, requested by thread 0x00007fe3ad016e00


---------------  P R O C E S S  ---------------

Threads class SMR info:
_java_thread_list=0x00007fe3ac53ec30, length=14, elements={
0x00007fe3ae008a00, 0x00007fe3ad015400, 0x00007fe3ad01ee00, 0x00007fe3ac812800,
0x00007fe3ac810200, 0x00007fe3ac813800, 0x00007fe3ac813e00, 0x00007fe3ad015a00,
0x00007fe3ad016000, 0x00007fe3ae033a00, 0x00007fe3ad016e00, 0x00007fe3ad047800,
0x00007fe3ad047e00, 0x00007fe3ae038c00
}

Java Threads: ( => current thread )
  0x00007fe3ae008a00 JavaThread "main" [_thread_blocked, id=5891, stack(0x000070000094a000,0x0000700000a4a000)]
  0x00007fe3ad015400 JavaThread "Reference Handler" daemon [_thread_blocked, id=16387, stack(0x000070000105f000,0x000070000115f000)]
  0x00007fe3ad01ee00 JavaThread "Finalizer" daemon [_thread_blocked, id=16131, stack(0x0000700001162000,0x0000700001262000)]
  0x00007fe3ac812800 JavaThread "Signal Dispatcher" daemon [_thread_blocked, id=43267, stack(0x000070000136b000,0x000070000146b000)]
  0x00007fe3ac810200 JavaThread "Service Thread" daemon [_thread_blocked, id=23043, stack(0x000070000146e000,0x000070000156e000)]
  0x00007fe3ac813800 JavaThread "Monitor Deflation Thread" daemon [_thread_blocked, id=23299, stack(0x0000700001571000,0x0000700001671000)]
  0x00007fe3ac813e00 JavaThread "C2 CompilerThread0" daemon [_thread_blocked, id=23555, stack(0x0000700001674000,0x0000700001774000)]
  0x00007fe3ad015a00 JavaThread "C1 CompilerThread0" daemon [_thread_blocked, id=42243, stack(0x0000700001777000,0x0000700001877000)]
  0x00007fe3ad016000 JavaThread "Sweeper thread" daemon [_thread_blocked, id=24067, stack(0x000070000187a000,0x000070000197a000)]
  0x00007fe3ae033a00 JavaThread "Common-Cleaner" daemon [_thread_blocked, id=41731, stack(0x000070000197d000,0x0000700001a7d000)]
  0x00007fe3ad016e00 JavaThread "JDWP Transport Listener: dt_socket" daemon [_thread_blocked, id=41223, stack(0x0000700001a80000,0x0000700001b80000)]
  0x00007fe3ad047800 JavaThread "JDWP Event Helper Thread" daemon [_thread_blocked, id=40707, stack(0x0000700001b83000,0x0000700001c83000)]
  0x00007fe3ad047e00 JavaThread "JDWP Command Reader" daemon [_thread_in_native, id=24579, stack(0x0000700001c86000,0x0000700001d86000)]
  0x00007fe3ae038c00 JavaThread "Notification Thread" daemon [_thread_blocked, id=25091, stack(0x0000700001d89000,0x0000700001e89000)]

Other Threads:
=>0x00007fe3ac62eff0 VMThread "VM Thread" [stack: 0x0000700000f5c000,0x000070000105c000] [id=16899]
  0x00007fe3ad849bb0 WatcherThread [stack: 0x0000700001e8c000,0x0000700001f8c000] [id=25603]
  0x00007fe3ad813e20 GCTaskThread "GC Thread#0" [stack: 0x0000700000a4d000,0x0000700000b4d000] [id=19971]
  0x00007fe3ac45ee70 GCTaskThread "GC Thread#1" [stack: 0x0000700001f8f000,0x000070000208f000] [id=25859]
  0x00007fe3ac45f8a0 GCTaskThread "GC Thread#2" [stack: 0x0000700002092000,0x0000700002192000] [id=39683]
  0x00007fe3ac682b50 GCTaskThread "GC Thread#3" [stack: 0x0000700002195000,0x0000700002295000] [id=26371]
  0x00007fe3ac6045f0 ConcurrentGCThread "G1 Main Marker" [stack: 0x0000700000b50000,0x0000700000c50000] [id=19715]
  0x00007fe3ac6054b0 ConcurrentGCThread "G1 Conc#0" [stack: 0x0000700000c53000,0x0000700000d53000] [id=19203]
  0x00007fe3ac620cb0 ConcurrentGCThread "G1 Refine#0" [stack: 0x0000700000d56000,0x0000700000e56000] [id=13315]
  0x00007fe3ac514b00 ConcurrentGCThread "G1 Service" [stack: 0x0000700000e59000,0x0000700000f59000] [id=18435]

Threads with active compile tasks:

VM state: at safepoint (normal execution)

VM Mutex/Monitor currently owned by a thread:  ([mutex/lock_event])
[0x00007fe3ac5101f0] Threads_lock - owner thread: 0x00007fe3ac62eff0

Heap address: 0x0000000780000000, size: 2048 MB, Compressed Oops mode: Zero based, Oop shift amount: 3

CDS archive(s) mapped at: [0x0000000800000000-0x0000000800bbb000-0x0000000800bbb000), size 12300288, SharedBaseAddress: 0x0000000800000000, ArchiveRelocationMode: 0.
Compressed class space mapped at: 0x0000000800c00000-0x0000000840c00000, reserved size: 1073741824
Narrow klass base: 0x0000000800000000, Narrow klass shift: 3, Narrow klass range: 0x100000000

GC Precious Log:
 CPUs: 4 total, 4 available
 Memory: 8192M
 Large Page Support: Disabled
 NUMA Support: Disabled
 Compressed Oops: Enabled (Zero based)
 Heap Region Size: 1M
 Heap Min Capacity: 8M
 Heap Initial Capacity: 128M
 Heap Max Capacity: 2G
 Pre-touch: Disabled
 Parallel Workers: 4
 Concurrent Workers: 1
 Concurrent Refinement Workers: 4
 Periodic GC: Disabled

Heap:
 garbage-first heap   total 133120K, used 4264K [0x0000000780000000, 0x0000000800000000)
  region size 1024K, 5 young (5120K), 2 survivors (2048K)
 Metaspace       used 3732K, committed 3840K, reserved 1056768K
  class space    used 460K, committed 512K, reserved 1048576K

Heap Regions: E=young(eden), S=young(survivor), O=old, HS=humongous(starts), HC=humongous(continues), CS=collection set, F=free, OA=open archive, CA=closed archive, TAMS=top-at-mark-start (previous, next)
|   0|0x0000000780000000, 0x0000000780000000, 0x0000000780100000|  0%| F|  |TAMS 0x0000000780000000, 0x0000000780000000| Untracked 
|   1|0x0000000780100000, 0x0000000780100000, 0x0000000780200000|  0%| F|  |TAMS 0x0000000780100000, 0x0000000780100000| Untracked 
|   2|0x0000000780200000, 0x0000000780200000, 0x0000000780300000|  0%| F|  |TAMS 0x0000000780200000, 0x0000000780200000| Untracked 
|   3|0x0000000780300000, 0x0000000780300000, 0x0000000780400000|  0%| F|  |TAMS 0x0000000780300000, 0x0000000780300000| Untracked 
|   4|0x0000000780400000, 0x0000000780400000, 0x0000000780500000|  0%| F|  |TAMS 0x0000000780400000, 0x0000000780400000| Untracked 
|   5|0x0000000780500000, 0x0000000780500000, 0x0000000780600000|  0%| F|  |TAMS 0x0000000780500000, 0x0000000780500000| Untracked 
|   6|0x0000000780600000, 0x0000000780600000, 0x0000000780700000|  0%| F|  |TAMS 0x0000000780600000, 0x0000000780600000| Untracked 
|   7|0x0000000780700000, 0x0000000780700000, 0x0000000780800000|  0%| F|  |TAMS 0x0000000780700000, 0x0000000780700000| Untracked 
|   8|0x0000000780800000, 0x0000000780800000, 0x0000000780900000|  0%| F|  |TAMS 0x0000000780800000, 0x0000000780800000| Untracked 
|   9|0x0000000780900000, 0x0000000780900000, 0x0000000780a00000|  0%| F|  |TAMS 0x0000000780900000, 0x0000000780900000| Untracked 
|  10|0x0000000780a00000, 0x0000000780a00000, 0x0000000780b00000|  0%| F|  |TAMS 0x0000000780a00000, 0x0000000780a00000| Untracked 
|  11|0x0000000780b00000, 0x0000000780b00000, 0x0000000780c00000|  0%| F|  |TAMS 0x0000000780b00000, 0x0000000780b00000| Untracked 
|  12|0x0000000780c00000, 0x0000000780c00000, 0x0000000780d00000|  0%| F|  |TAMS 0x0000000780c00000, 0x0000000780c00000| Untracked 
|  13|0x0000000780d00000, 0x0000000780d00000, 0x0000000780e00000|  0%| F|  |TAMS 0x0000000780d00000, 0x0000000780d00000| Untracked 
|  14|0x0000000780e00000, 0x0000000780e00000, 0x0000000780f00000|  0%| F|  |TAMS 0x0000000780e00000, 0x0000000780e00000| Untracked 
|  15|0x0000000780f00000, 0x0000000780f00000, 0x0000000781000000|  0%| F|  |TAMS 0x0000000780f00000, 0x0000000780f00000| Untracked 
|  16|0x0000000781000000, 0x0000000781000000, 0x0000000781100000|  0%| F|  |TAMS 0x0000000781000000, 0x0000000781000000| Untracked 
|  17|0x0000000781100000, 0x0000000781100000, 0x0000000781200000|  0%| F|  |TAMS 0x0000000781100000, 0x0000000781100000| Untracked 
|  18|0x0000000781200000, 0x0000000781200000, 0x0000000781300000|  0%| F|  |TAMS 0x0000000781200000, 0x0000000781200000| Untracked 
|  19|0x0000000781300000, 0x0000000781300000, 0x0000000781400000|  0%| F|  |TAMS 0x0000000781300000, 0x0000000781300000| Untracked 
|  20|0x0000000781400000, 0x0000000781400000, 0x0000000781500000|  0%| F|  |TAMS 0x0000000781400000, 0x0000000781400000| Untracked 
|  21|0x0000000781500000, 0x0000000781500000, 0x0000000781600000|  0%| F|  |TAMS 0x0000000781500000, 0x0000000781500000| Untracked 
|  22|0x0000000781600000, 0x0000000781600000, 0x0000000781700000|  0%| F|  |TAMS 0x0000000781600000, 0x0000000781600000| Untracked 
|  23|0x0000000781700000, 0x0000000781700000, 0x0000000781800000|  0%| F|  |TAMS 0x0000000781700000, 0x0000000781700000| Untracked 
|  24|0x0000000781800000, 0x0000000781800000, 0x0000000781900000|  0%| F|  |TAMS 0x0000000781800000, 0x0000000781800000| Untracked 
|  25|0x0000000781900000, 0x0000000781900000, 0x0000000781a00000|  0%| F|  |TAMS 0x0000000781900000, 0x0000000781900000| Untracked 
|  26|0x0000000781a00000, 0x0000000781a00000, 0x0000000781b00000|  0%| F|  |TAMS 0x0000000781a00000, 0x0000000781a00000| Untracked 
|  27|0x0000000781b00000, 0x0000000781b00000, 0x0000000781c00000|  0%| F|  |TAMS 0x0000000781b00000, 0x0000000781b00000| Untracked 
|  28|0x0000000781c00000, 0x0000000781c00000, 0x0000000781d00000|  0%| F|  |TAMS 0x0000000781c00000, 0x0000000781c00000| Untracked 
|  29|0x0000000781d00000, 0x0000000781d00000, 0x0000000781e00000|  0%| F|  |TAMS 0x0000000781d00000, 0x0000000781d00000| Untracked 
|  30|0x0000000781e00000, 0x0000000781e00000, 0x0000000781f00000|  0%| F|  |TAMS 0x0000000781e00000, 0x0000000781e00000| Untracked 
|  31|0x0000000781f00000, 0x0000000781f00000, 0x0000000782000000|  0%| F|  |TAMS 0x0000000781f00000, 0x0000000781f00000| Untracked 
|  32|0x0000000782000000, 0x0000000782000000, 0x0000000782100000|  0%| F|  |TAMS 0x0000000782000000, 0x0000000782000000| Untracked 
|  33|0x0000000782100000, 0x0000000782100000, 0x0000000782200000|  0%| F|  |TAMS 0x0000000782100000, 0x0000000782100000| Untracked 
|  34|0x0000000782200000, 0x0000000782200000, 0x0000000782300000|  0%| F|  |TAMS 0x0000000782200000, 0x0000000782200000| Untracked 
|  35|0x0000000782300000, 0x0000000782300000, 0x0000000782400000|  0%| F|  |TAMS 0x0000000782300000, 0x0000000782300000| Untracked 
|  36|0x0000000782400000, 0x0000000782400000, 0x0000000782500000|  0%| F|  |TAMS 0x0000000782400000, 0x0000000782400000| Untracked 
|  37|0x0000000782500000, 0x0000000782500000, 0x0000000782600000|  0%| F|  |TAMS 0x0000000782500000, 0x0000000782500000| Untracked 
|  38|0x0000000782600000, 0x0000000782600000, 0x0000000782700000|  0%| F|  |TAMS 0x0000000782600000, 0x0000000782600000| Untracked 
|  39|0x0000000782700000, 0x0000000782700000, 0x0000000782800000|  0%| F|  |TAMS 0x0000000782700000, 0x0000000782700000| Untracked 
|  40|0x0000000782800000, 0x0000000782800000, 0x0000000782900000|  0%| F|  |TAMS 0x0000000782800000, 0x0000000782800000| Untracked 
|  41|0x0000000782900000, 0x0000000782900000, 0x0000000782a00000|  0%| F|  |TAMS 0x0000000782900000, 0x0000000782900000| Untracked 
|  42|0x0000000782a00000, 0x0000000782a00000, 0x0000000782b00000|  0%| F|  |TAMS 0x0000000782a00000, 0x0000000782a00000| Untracked 
|  43|0x0000000782b00000, 0x0000000782b00000, 0x0000000782c00000|  0%| F|  |TAMS 0x0000000782b00000, 0x0000000782b00000| Untracked 
|  44|0x0000000782c00000, 0x0000000782c00000, 0x0000000782d00000|  0%| F|  |TAMS 0x0000000782c00000, 0x0000000782c00000| Untracked 
|  45|0x0000000782d00000, 0x0000000782d00000, 0x0000000782e00000|  0%| F|  |TAMS 0x0000000782d00000, 0x0000000782d00000| Untracked 
|  46|0x0000000782e00000, 0x0000000782e00000, 0x0000000782f00000|  0%| F|  |TAMS 0x0000000782e00000, 0x0000000782e00000| Untracked 
|  47|0x0000000782f00000, 0x0000000782f00000, 0x0000000783000000|  0%| F|  |TAMS 0x0000000782f00000, 0x0000000782f00000| Untracked 
|  48|0x0000000783000000, 0x0000000783000000, 0x0000000783100000|  0%| F|  |TAMS 0x0000000783000000, 0x0000000783000000| Untracked 
|  49|0x0000000783100000, 0x0000000783100000, 0x0000000783200000|  0%| F|  |TAMS 0x0000000783100000, 0x0000000783100000| Untracked 
|  50|0x0000000783200000, 0x0000000783200000, 0x0000000783300000|  0%| F|  |TAMS 0x0000000783200000, 0x0000000783200000| Untracked 
|  51|0x0000000783300000, 0x0000000783300000, 0x0000000783400000|  0%| F|  |TAMS 0x0000000783300000, 0x0000000783300000| Untracked 
|  52|0x0000000783400000, 0x0000000783400000, 0x0000000783500000|  0%| F|  |TAMS 0x0000000783400000, 0x0000000783400000| Untracked 
|  53|0x0000000783500000, 0x0000000783500000, 0x0000000783600000|  0%| F|  |TAMS 0x0000000783500000, 0x0000000783500000| Untracked 
|  54|0x0000000783600000, 0x0000000783600000, 0x0000000783700000|  0%| F|  |TAMS 0x0000000783600000, 0x0000000783600000| Untracked 
|  55|0x0000000783700000, 0x0000000783700000, 0x0000000783800000|  0%| F|  |TAMS 0x0000000783700000, 0x0000000783700000| Untracked 
|  56|0x0000000783800000, 0x0000000783800000, 0x0000000783900000|  0%| F|  |TAMS 0x0000000783800000, 0x0000000783800000| Untracked 
|  57|0x0000000783900000, 0x0000000783900000, 0x0000000783a00000|  0%| F|  |TAMS 0x0000000783900000, 0x0000000783900000| Untracked 
|  58|0x0000000783a00000, 0x0000000783a00000, 0x0000000783b00000|  0%| F|  |TAMS 0x0000000783a00000, 0x0000000783a00000| Untracked 
|  59|0x0000000783b00000, 0x0000000783b00000, 0x0000000783c00000|  0%| F|  |TAMS 0x0000000783b00000, 0x0000000783b00000| Untracked 
|  60|0x0000000783c00000, 0x0000000783c00000, 0x0000000783d00000|  0%| F|  |TAMS 0x0000000783c00000, 0x0000000783c00000| Untracked 
|  61|0x0000000783d00000, 0x0000000783d00000, 0x0000000783e00000|  0%| F|  |TAMS 0x0000000783d00000, 0x0000000783d00000| Untracked 
|  62|0x0000000783e00000, 0x0000000783e00000, 0x0000000783f00000|  0%| F|  |TAMS 0x0000000783e00000, 0x0000000783e00000| Untracked 
|  63|0x0000000783f00000, 0x0000000783f00000, 0x0000000784000000|  0%| F|  |TAMS 0x0000000783f00000, 0x0000000783f00000| Untracked 
|  64|0x0000000784000000, 0x0000000784000000, 0x0000000784100000|  0%| F|  |TAMS 0x0000000784000000, 0x0000000784000000| Untracked 
|  65|0x0000000784100000, 0x0000000784100000, 0x0000000784200000|  0%| F|  |TAMS 0x0000000784100000, 0x0000000784100000| Untracked 
|  66|0x0000000784200000, 0x0000000784200000, 0x0000000784300000|  0%| F|  |TAMS 0x0000000784200000, 0x0000000784200000| Untracked 
|  67|0x0000000784300000, 0x0000000784300000, 0x0000000784400000|  0%| F|  |TAMS 0x0000000784300000, 0x0000000784300000| Untracked 
|  68|0x0000000784400000, 0x0000000784400000, 0x0000000784500000|  0%| F|  |TAMS 0x0000000784400000, 0x0000000784400000| Untracked 
|  69|0x0000000784500000, 0x0000000784500000, 0x0000000784600000|  0%| F|  |TAMS 0x0000000784500000, 0x0000000784500000| Untracked 
|  70|0x0000000784600000, 0x0000000784600000, 0x0000000784700000|  0%| F|  |TAMS 0x0000000784600000, 0x0000000784600000| Untracked 
|  71|0x0000000784700000, 0x0000000784700000, 0x0000000784800000|  0%| F|  |TAMS 0x0000000784700000, 0x0000000784700000| Untracked 
|  72|0x0000000784800000, 0x0000000784800000, 0x0000000784900000|  0%| F|  |TAMS 0x0000000784800000, 0x0000000784800000| Untracked 
|  73|0x0000000784900000, 0x0000000784900000, 0x0000000784a00000|  0%| F|  |TAMS 0x0000000784900000, 0x0000000784900000| Untracked 
|  74|0x0000000784a00000, 0x0000000784a00000, 0x0000000784b00000|  0%| F|  |TAMS 0x0000000784a00000, 0x0000000784a00000| Untracked 
|  75|0x0000000784b00000, 0x0000000784b00000, 0x0000000784c00000|  0%| F|  |TAMS 0x0000000784b00000, 0x0000000784b00000| Untracked 
|  76|0x0000000784c00000, 0x0000000784c00000, 0x0000000784d00000|  0%| F|  |TAMS 0x0000000784c00000, 0x0000000784c00000| Untracked 
|  77|0x0000000784d00000, 0x0000000784d00000, 0x0000000784e00000|  0%| F|  |TAMS 0x0000000784d00000, 0x0000000784d00000| Untracked 
|  78|0x0000000784e00000, 0x0000000784e00000, 0x0000000784f00000|  0%| F|  |TAMS 0x0000000784e00000, 0x0000000784e00000| Untracked 
|  79|0x0000000784f00000, 0x0000000784f00000, 0x0000000785000000|  0%| F|  |TAMS 0x0000000784f00000, 0x0000000784f00000| Untracked 
|  80|0x0000000785000000, 0x0000000785000000, 0x0000000785100000|  0%| F|  |TAMS 0x0000000785000000, 0x0000000785000000| Untracked 
|  81|0x0000000785100000, 0x0000000785100000, 0x0000000785200000|  0%| F|  |TAMS 0x0000000785100000, 0x0000000785100000| Untracked 
|  82|0x0000000785200000, 0x0000000785200000, 0x0000000785300000|  0%| F|  |TAMS 0x0000000785200000, 0x0000000785200000| Untracked 
|  83|0x0000000785300000, 0x0000000785300000, 0x0000000785400000|  0%| F|  |TAMS 0x0000000785300000, 0x0000000785300000| Untracked 
|  84|0x0000000785400000, 0x0000000785400000, 0x0000000785500000|  0%| F|  |TAMS 0x0000000785400000, 0x0000000785400000| Untracked 
|  85|0x0000000785500000, 0x0000000785500000, 0x0000000785600000|  0%| F|  |TAMS 0x0000000785500000, 0x0000000785500000| Untracked 
|  86|0x0000000785600000, 0x0000000785600000, 0x0000000785700000|  0%| F|  |TAMS 0x0000000785600000, 0x0000000785600000| Untracked 
|  87|0x0000000785700000, 0x0000000785700000, 0x0000000785800000|  0%| F|  |TAMS 0x0000000785700000, 0x0000000785700000| Untracked 
|  88|0x0000000785800000, 0x0000000785800000, 0x0000000785900000|  0%| F|  |TAMS 0x0000000785800000, 0x0000000785800000| Untracked 
|  89|0x0000000785900000, 0x0000000785900000, 0x0000000785a00000|  0%| F|  |TAMS 0x0000000785900000, 0x0000000785900000| Untracked 
|  90|0x0000000785a00000, 0x0000000785a00000, 0x0000000785b00000|  0%| F|  |TAMS 0x0000000785a00000, 0x0000000785a00000| Untracked 
|  91|0x0000000785b00000, 0x0000000785b00000, 0x0000000785c00000|  0%| F|  |TAMS 0x0000000785b00000, 0x0000000785b00000| Untracked 
|  92|0x0000000785c00000, 0x0000000785c00000, 0x0000000785d00000|  0%| F|  |TAMS 0x0000000785c00000, 0x0000000785c00000| Untracked 
|  93|0x0000000785d00000, 0x0000000785d00000, 0x0000000785e00000|  0%| F|  |TAMS 0x0000000785d00000, 0x0000000785d00000| Untracked 
|  94|0x0000000785e00000, 0x0000000785e00000, 0x0000000785f00000|  0%| F|  |TAMS 0x0000000785e00000, 0x0000000785e00000| Untracked 
|  95|0x0000000785f00000, 0x0000000785f00000, 0x0000000786000000|  0%| F|  |TAMS 0x0000000785f00000, 0x0000000785f00000| Untracked 
|  96|0x0000000786000000, 0x0000000786000000, 0x0000000786100000|  0%| F|  |TAMS 0x0000000786000000, 0x0000000786000000| Untracked 
|  97|0x0000000786100000, 0x0000000786100000, 0x0000000786200000|  0%| F|  |TAMS 0x0000000786100000, 0x0000000786100000| Untracked 
|  98|0x0000000786200000, 0x0000000786200000, 0x0000000786300000|  0%| F|  |TAMS 0x0000000786200000, 0x0000000786200000| Untracked 
|  99|0x0000000786300000, 0x0000000786300000, 0x0000000786400000|  0%| F|  |TAMS 0x0000000786300000, 0x0000000786300000| Untracked 
| 100|0x0000000786400000, 0x0000000786400000, 0x0000000786500000|  0%| F|  |TAMS 0x0000000786400000, 0x0000000786400000| Untracked 
| 101|0x0000000786500000, 0x0000000786500000, 0x0000000786600000|  0%| F|  |TAMS 0x0000000786500000, 0x0000000786500000| Untracked 
| 102|0x0000000786600000, 0x0000000786600000, 0x0000000786700000|  0%| F|  |TAMS 0x0000000786600000, 0x0000000786600000| Untracked 
| 103|0x0000000786700000, 0x0000000786700000, 0x0000000786800000|  0%| F|  |TAMS 0x0000000786700000, 0x0000000786700000| Untracked 
| 104|0x0000000786800000, 0x0000000786800000, 0x0000000786900000|  0%| F|  |TAMS 0x0000000786800000, 0x0000000786800000| Untracked 
| 105|0x0000000786900000, 0x0000000786900000, 0x0000000786a00000|  0%| F|  |TAMS 0x0000000786900000, 0x0000000786900000| Untracked 
| 106|0x0000000786a00000, 0x0000000786a00000, 0x0000000786b00000|  0%| F|  |TAMS 0x0000000786a00000, 0x0000000786a00000| Untracked 
| 107|0x0000000786b00000, 0x0000000786b00000, 0x0000000786c00000|  0%| F|  |TAMS 0x0000000786b00000, 0x0000000786b00000| Untracked 
| 108|0x0000000786c00000, 0x0000000786c00000, 0x0000000786d00000|  0%| F|  |TAMS 0x0000000786c00000, 0x0000000786c00000| Untracked 
| 109|0x0000000786d00000, 0x0000000786d00000, 0x0000000786e00000|  0%| F|  |TAMS 0x0000000786d00000, 0x0000000786d00000| Untracked 
| 110|0x0000000786e00000, 0x0000000786e00000, 0x0000000786f00000|  0%| F|  |TAMS 0x0000000786e00000, 0x0000000786e00000| Untracked 
| 111|0x0000000786f00000, 0x0000000786f00000, 0x0000000787000000|  0%| F|  |TAMS 0x0000000786f00000, 0x0000000786f00000| Untracked 
| 112|0x0000000787000000, 0x0000000787000000, 0x0000000787100000|  0%| F|  |TAMS 0x0000000787000000, 0x0000000787000000| Untracked 
| 113|0x0000000787100000, 0x0000000787138000, 0x0000000787200000| 21%| S|CS|TAMS 0x0000000787100000, 0x0000000787100000| Complete 
| 114|0x0000000787200000, 0x0000000787300000, 0x0000000787300000|100%| S|CS|TAMS 0x0000000787200000, 0x0000000787200000| Complete 
| 115|0x0000000787300000, 0x0000000787300000, 0x0000000787400000|  0%| F|  |TAMS 0x0000000787300000, 0x0000000787300000| Untracked 
| 116|0x0000000787400000, 0x0000000787400000, 0x0000000787500000|  0%| F|  |TAMS 0x0000000787400000, 0x0000000787400000| Untracked 
| 117|0x0000000787500000, 0x0000000787500000, 0x0000000787600000|  0%| F|  |TAMS 0x0000000787500000, 0x0000000787500000| Untracked 
| 118|0x0000000787600000, 0x0000000787600000, 0x0000000787700000|  0%| F|  |TAMS 0x0000000787600000, 0x0000000787600000| Untracked 
| 119|0x0000000787700000, 0x0000000787700000, 0x0000000787800000|  0%| F|  |TAMS 0x0000000787700000, 0x0000000787700000| Untracked 
| 120|0x0000000787800000, 0x0000000787800000, 0x0000000787900000|  0%| F|  |TAMS 0x0000000787800000, 0x0000000787800000| Untracked 
| 121|0x0000000787900000, 0x0000000787900000, 0x0000000787a00000|  0%| F|  |TAMS 0x0000000787900000, 0x0000000787900000| Untracked 
| 122|0x0000000787a00000, 0x0000000787a00000, 0x0000000787b00000|  0%| F|  |TAMS 0x0000000787a00000, 0x0000000787a00000| Untracked 
| 123|0x0000000787b00000, 0x0000000787b00000, 0x0000000787c00000|  0%| F|  |TAMS 0x0000000787b00000, 0x0000000787b00000| Untracked 
| 124|0x0000000787c00000, 0x0000000787c00000, 0x0000000787d00000|  0%| F|  |TAMS 0x0000000787c00000, 0x0000000787c00000| Untracked 
| 125|0x0000000787d00000, 0x0000000787d415b0, 0x0000000787e00000| 25%| E|  |TAMS 0x0000000787d00000, 0x0000000787d00000| Complete 
| 126|0x0000000787e00000, 0x0000000787f00000, 0x0000000787f00000|100%| E|CS|TAMS 0x0000000787e00000, 0x0000000787e00000| Complete 
| 127|0x0000000787f00000, 0x0000000788000000, 0x0000000788000000|100%| E|CS|TAMS 0x0000000787f00000, 0x0000000787f00000| Complete 
|1022|0x00000007bfe00000, 0x00000007bfe75000, 0x00000007bff00000| 45%|OA|  |TAMS 0x00000007bfe00000, 0x00000007bfe00000| Untracked 
|1023|0x00000007bff00000, 0x00000007bff7d000, 0x00000007c0000000| 48%|CA|  |TAMS 0x00000007bff00000, 0x00000007bff00000| Untracked 

Card table byte_map: [0x0000000125817000,0x0000000125c17000] _byte_map_base: 0x0000000121c17000

Marking Bits (Prev, Next): (CMBitMap*) 0x00007fe3ae808210, (CMBitMap*) 0x00007fe3ae808250
 Prev Bits: [0x0000000126017000, 0x0000000128017000)
 Next Bits: [0x0000000128017000, 0x000000012a017000)

Polling page: 0x000000010b8ea000

Metaspace:

Usage:
  Non-class:      3.20 MB used.
      Class:    460.66 KB used.
       Both:      3.65 MB used.

Virtual space:
  Non-class space:        8.00 MB reserved,       3.25 MB ( 41%) committed,  1 nodes.
      Class space:        1.00 GB reserved,     512.00 KB ( <1%) committed,  1 nodes.
              Both:        1.01 GB reserved,       3.75 MB ( <1%) committed. 

Chunk freelists:
   Non-Class:  2.64 MB
       Class:  3.44 MB
        Both:  6.08 MB

MaxMetaspaceSize: 17179869184.00 GB
CompressedClassSpaceSize: 1.00 GB
 - commit_granule_bytes: 65536.
 - commit_granule_words: 8192.
 - virtual_space_node_default_size: 1048576.
 - enlarge_chunks_in_place: 1.
 - new_chunks_are_fully_committed: 0.
 - uncommit_free_chunks: 1.
 - use_allocation_guard: 0.
 - handle_deallocations: 1.


Internal statistics:

num_allocs_failed_limit: 0.
num_arena_births: 84.
num_arena_deaths: 0.
num_vsnodes_births: 2.
num_vsnodes_deaths: 0.
num_space_committed: 60.
num_space_uncommitted: 0.
num_chunks_returned_to_freelist: 0.
num_chunks_taken_from_freelist: 202.
num_chunk_merges: 0.
num_chunk_splits: 112.
num_chunks_enlarged: 68.
num_purges: 0.

CodeHeap 'non-profiled nmethods': size=120032Kb used=304Kb max_used=304Kb free=119727Kb
 bounds [0x000000011e2df000, 0x000000011e54f000, 0x0000000125817000]
CodeHeap 'profiled nmethods': size=120028Kb used=1688Kb max_used=1688Kb free=118339Kb
 bounds [0x0000000116da8000, 0x0000000117018000, 0x000000011e2df000]
CodeHeap 'non-nmethods': size=5700Kb used=1207Kb max_used=1227Kb free=4492Kb
 bounds [0x0000000116817000, 0x0000000116a87000, 0x0000000116da8000]
 total_blobs=1427 nmethods=990 adapters=351
 compilation: enabled
              stopped_count=0, restarted_count=0
 full_count=0

Compilation events (20 events):
Event: 0.990 Thread 0x00007fe3ac813e00 nmethod 924 0x000000011e328490 code [0x000000011e328620, 0x000000011e3286f8]
Event: 0.990 Thread 0x00007fe3ac813e00  969       4       java.lang.String::indexOf (29 bytes)
Event: 0.992 Thread 0x00007fe3ad015a00 nmethod 966 0x0000000116f48490 code [0x0000000116f48820, 0x0000000116f49cd0]
Event: 0.992 Thread 0x00007fe3ac813e00 nmethod 969 0x000000011e328e10 code [0x000000011e328fa0, 0x000000011e3291f8]
Event: 0.995 Thread 0x00007fe3ad015a00  975       3       java.lang.invoke.LambdaForm$Name::<init> (44 bytes)
Event: 0.996 Thread 0x00007fe3ad015a00 nmethod 975 0x0000000116f4a590 code [0x0000000116f4a7c0, 0x0000000116f4ada0]
Event: 0.996 Thread 0x00007fe3ad015a00  980       3       java.lang.invoke.LambdaForm$NamedFunction::methodType (23 bytes)
Event: 0.996 Thread 0x00007fe3ad015a00 nmethod 980 0x0000000116f4b090 code [0x0000000116f4b240, 0x0000000116f4b4a0]
Event: 0.996 Thread 0x00007fe3ad015a00  974       3       java.lang.invoke.LambdaForm::parameterType (9 bytes)
Event: 0.996 Thread 0x00007fe3ad015a00 nmethod 974 0x0000000116f4b590 code [0x0000000116f4b740, 0x0000000116f4b8a0]
Event: 0.996 Thread 0x00007fe3ad015a00  982       3       jdk.internal.org.objectweb.asm.SymbolTable::addTypeInternal (85 bytes)
Event: 0.997 Thread 0x00007fe3ad015a00 nmethod 982 0x0000000116f4b990 code [0x0000000116f4bb80, 0x0000000116f4c1f0]
Event: 0.998 Thread 0x00007fe3ad015a00  984       3       java.lang.invoke.MethodHandleNatives::refKindHasReceiver (33 bytes)
Event: 0.998 Thread 0x00007fe3ad015a00 nmethod 984 0x0000000116f4c390 code [0x0000000116f4c520, 0x0000000116f4c670]
Event: 0.999 Thread 0x00007fe3ad015a00  986       3       java.lang.invoke.LambdaForm$Name::useCount (42 bytes)
Event: 0.999 Thread 0x00007fe3ad015a00 nmethod 986 0x0000000116f4c710 code [0x0000000116f4c8c0, 0x0000000116f4cbd0]
Event: 0.999 Thread 0x00007fe3ad015a00  987       3       java.lang.invoke.InvokerBytecodeGenerator::emitLoadInsn (21 bytes)
Event: 0.999 Thread 0x00007fe3ad015a00 nmethod 987 0x0000000116f4cd10 code [0x0000000116f4cec0, 0x0000000116f4d130]
Event: 0.999 Thread 0x00007fe3ad015a00  988       3       java.lang.invoke.InvokerBytecodeGenerator::loadInsnOpcode (87 bytes)
Event: 1.000 Thread 0x00007fe3ad015a00 nmethod 988 0x0000000116f4d290 code [0x0000000116f4d500, 0x0000000116f4ded0]

GC Heap History (2 events):
Event: 0.918 GC heap before
{Heap before GC invocations=0 (full 0):
 garbage-first heap   total 133120K, used 14280K [0x0000000780000000, 0x0000000800000000)
  region size 1024K, 13 young (13312K), 0 survivors (0K)
 Metaspace       used 3389K, committed 3520K, reserved 1056768K
  class space    used 427K, committed 512K, reserved 1048576K
}
Event: 0.920 GC heap after
{Heap after GC invocations=1 (full 0):
 garbage-first heap   total 133120K, used 2216K [0x0000000780000000, 0x0000000800000000)
  region size 1024K, 2 young (2048K), 2 survivors (2048K)
 Metaspace       used 3389K, committed 3520K, reserved 1056768K
  class space    used 427K, committed 512K, reserved 1048576K
}

Deoptimization events (20 events):
Event: 0.959 Thread 0x00007fe3ae008a00 Uncommon trap: trap_request=0xffffff45 fr.pc=0x000000011e316200 relative=0x0000000000000060
Event: 0.959 Thread 0x00007fe3ae008a00 Uncommon trap: reason=unstable_if action=reinterpret pc=0x000000011e316200 method=java.lang.String.isLatin1()Z @ 10 c2
Event: 0.959 Thread 0x00007fe3ae008a00 DEOPT PACKING pc=0x000000011e316200 sp=0x0000700000a47390
Event: 0.959 Thread 0x00007fe3ae008a00 DEOPT UNPACKING pc=0x0000000116864424 sp=0x0000700000a47350 mode 2
Event: 0.959 Thread 0x00007fe3ae008a00 Uncommon trap: trap_request=0xffffff45 fr.pc=0x000000011e30b2e8 relative=0x0000000000000048
Event: 0.959 Thread 0x00007fe3ae008a00 Uncommon trap: reason=unstable_if action=reinterpret pc=0x000000011e30b2e8 method=java.lang.CharacterData.of(I)Ljava/lang/CharacterData; @ 4 c2
Event: 0.959 Thread 0x00007fe3ae008a00 DEOPT PACKING pc=0x000000011e30b2e8 sp=0x0000700000a46eb0
Event: 0.959 Thread 0x00007fe3ae008a00 DEOPT UNPACKING pc=0x0000000116864424 sp=0x0000700000a46e70 mode 2
Event: 0.967 Thread 0x00007fe3ae008a00 Uncommon trap: trap_request=0xffffff45 fr.pc=0x000000011e30dd74 relative=0x0000000000000534
Event: 0.967 Thread 0x00007fe3ae008a00 Uncommon trap: reason=unstable_if action=reinterpret pc=0x000000011e30dd74 method=java.lang.AbstractStringBuilder.putStringAt(ILjava/lang/String;II)V @ 8 c2
Event: 0.967 Thread 0x00007fe3ae008a00 DEOPT PACKING pc=0x000000011e30dd74 sp=0x0000700000a477b0
Event: 0.967 Thread 0x00007fe3ae008a00 DEOPT UNPACKING pc=0x0000000116864424 sp=0x0000700000a47678 mode 2
Event: 0.967 Thread 0x00007fe3ae008a00 Uncommon trap: trap_request=0xffffff45 fr.pc=0x000000011e3089e4 relative=0x0000000000000524
Event: 0.967 Thread 0x00007fe3ae008a00 Uncommon trap: reason=unstable_if action=reinterpret pc=0x000000011e3089e4 method=java.lang.AbstractStringBuilder.putStringAt(ILjava/lang/String;II)V @ 8 c2
Event: 0.967 Thread 0x00007fe3ae008a00 DEOPT PACKING pc=0x000000011e3089e4 sp=0x0000700000a47760
Event: 0.967 Thread 0x00007fe3ae008a00 DEOPT UNPACKING pc=0x0000000116864424 sp=0x0000700000a47680 mode 2
Event: 0.967 Thread 0x00007fe3ae008a00 Uncommon trap: trap_request=0xffffff45 fr.pc=0x000000011e32017c relative=0x000000000000035c
Event: 0.967 Thread 0x00007fe3ae008a00 Uncommon trap: reason=unstable_if action=reinterpret pc=0x000000011e32017c method=java.lang.AbstractStringBuilder.isLatin1()Z @ 10 c2
Event: 0.967 Thread 0x00007fe3ae008a00 DEOPT PACKING pc=0x000000011e32017c sp=0x0000700000a47800
Event: 0.967 Thread 0x00007fe3ae008a00 DEOPT UNPACKING pc=0x0000000116864424 sp=0x0000700000a47790 mode 2

Classes unloaded (0 events):
No events

Classes redefined (6 events):
Event: 1022.992 Thread 0x00007fe3ac62eff0 redefined class name=hangman.EvilHangmanGame, count=1
Event: 1228.183 Thread 0x00007fe3ac62eff0 redefined class name=hangman.EvilHangmanGame, count=2
Event: 1270.176 Thread 0x00007fe3ac62eff0 redefined class name=hangman.EvilHangmanGame, count=3
Event: 1366.193 Thread 0x00007fe3ac62eff0 redefined class name=hangman.EvilHangmanGame, count=4
Event: 1701.792 Thread 0x00007fe3ac62eff0 redefined class name=hangman.EvilHangmanGame, count=5
Event: 1831.066 Thread 0x00007fe3ac62eff0 redefined class name=hangman.EvilHangmanGame, count=6

Internal exceptions (20 events):
Event: 0.386 Thread 0x00007fe3ae008a00 Exception <a 'java/lang/NoSuchMethodError'{0x0000000787bf9098}: 'java.lang.Object java.lang.invoke.DirectMethodHandle$Holder.newInvokeSpecial(java.lang.Object, java.lang.Object, java.lang.Object, java.lang.Object, java.lang.Object)'> (0x0000000787bf9098) 
thrown [./open/src/hotspot/share/interpreter/linkResolver.cpp, line 790]
Event: 0.431 Thread 0x00007fe3ae008a00 Exception <a 'java/lang/NoSuchMethodError'{0x0000000787aa9e88}: 'void java.lang.invoke.DirectMethodHandle$Holder.invokeStatic(java.lang.Object, java.lang.Object, java.lang.Object)'> (0x0000000787aa9e88) 
thrown [./open/src/hotspot/share/interpreter/linkResolver.cpp, line 790]
Event: 0.447 Thread 0x00007fe3ae008a00 Exception <a 'java/lang/NoSuchMethodError'{0x0000000787ae60d8}: 'int java.lang.invoke.DirectMethodHandle$Holder.invokeVirtual(java.lang.Object, java.lang.Object)'> (0x0000000787ae60d8) 
thrown [./open/src/hotspot/share/interpreter/linkResolver.cpp, line 790]
Event: 0.508 Thread 0x00007fe3ae008a00 Exception <a 'java/lang/NoSuchMethodError'{0x000000078793c410}: 'int java.lang.invoke.DirectMethodHandle$Holder.invokeSpecial(java.lang.Object, java.lang.Object, java.lang.Object)'> (0x000000078793c410) 
thrown [./open/src/hotspot/share/interpreter/linkResolver.cpp, line 790]
Event: 0.555 Thread 0x00007fe3ae008a00 Exception <a 'java/lang/NoSuchMethodError'{0x000000078799eac0}: 'void java.lang.invoke.DirectMethodHandle$Holder.invokeStatic(java.lang.Object, java.lang.Object, java.lang.Object, java.lang.Object)'> (0x000000078799eac0) 
thrown [./open/src/hotspot/share/interpreter/linkResolver.cpp, line 790]
Event: 0.581 Thread 0x00007fe3ae008a00 Exception <a 'java/lang/NoSuchMethodError'{0x00000007879ff818}: 'java.lang.Object java.lang.invoke.DirectMethodHandle$Holder.invokeStaticInit(java.lang.Object, java.lang.Object, java.lang.Object)'> (0x00000007879ff818) 
thrown [./open/src/hotspot/share/interpreter/linkResolver.cpp, line 790]
Event: 0.585 Thread 0x00007fe3ae008a00 Exception <a 'java/lang/NoSuchMethodError'{0x0000000787807a58}: 'void java.lang.invoke.DirectMethodHandle$Holder.invokeStaticInit(java.lang.Object, java.lang.Object, java.lang.Object)'> (0x0000000787807a58) 
thrown [./open/src/hotspot/share/interpreter/linkResolver.cpp, line 790]
Event: 0.589 Thread 0x00007fe3ae008a00 Exception <a 'java/lang/NoSuchMethodError'{0x0000000787816378}: 'void java.lang.invoke.DirectMethodHandle$Holder.invokeSpecial(java.lang.Object, java.lang.Object, java.lang.Object, java.lang.Object, java.lang.Object)'> (0x0000000787816378) 
thrown [./open/src/hotspot/share/interpreter/linkResolver.cpp, line 790]
Event: 0.593 Thread 0x00007fe3ae008a00 Exception <a 'java/lang/NoSuchMethodError'{0x0000000787825f10}: 'java.lang.Object java.lang.invoke.DirectMethodHandle$Holder.invokeInterface(java.lang.Object, java.lang.Object)'> (0x0000000787825f10) 
thrown [./open/src/hotspot/share/interpreter/linkResolver.cpp, line 790]
Event: 0.593 Thread 0x00007fe3ae008a00 Exception <a 'java/lang/IncompatibleClassChangeError'{0x0000000787829908}: Found class java.lang.Object, but interface was expected> (0x0000000787829908) 
thrown [./open/src/hotspot/share/interpreter/linkResolver.cpp, line 857]
Event: 0.599 Thread 0x00007fe3ae008a00 Exception <a 'java/lang/NoSuchMethodError'{0x0000000787865380}: 'int java.lang.invoke.DirectMethodHandle$Holder.invokeStaticInit(java.lang.Object, java.lang.Object)'> (0x0000000787865380) 
thrown [./open/src/hotspot/share/interpreter/linkResolver.cpp, line 790]
Event: 0.620 Thread 0x00007fe3ae008a00 Exception <a 'java/lang/NoSuchMethodError'{0x00000007878cfba8}: 'java.lang.Object java.lang.invoke.DirectMethodHandle$Holder.invokeSpecialIFC(java.lang.Object, java.lang.Object, java.lang.Object, java.lang.Object)'> (0x00000007878cfba8) 
thrown [./open/src/hotspot/share/interpreter/linkResolver.cpp, line 790]
Event: 0.625 Thread 0x00007fe3ae008a00 Exception <a 'java/lang/NoSuchMethodError'{0x00000007878ecf48}: 'void java.lang.invoke.DirectMethodHandle$Holder.invokeStatic(java.lang.Object, java.lang.Object)'> (0x00000007878ecf48) 
thrown [./open/src/hotspot/share/interpreter/linkResolver.cpp, line 790]
Event: 0.681 Thread 0x00007fe3ae008a00 Exception <a 'java/lang/NoSuchMethodError'{0x00000007877daa60}: 'int java.lang.invoke.DirectMethodHandle$Holder.invokeVirtual(java.lang.Object, java.lang.Object, java.lang.Object)'> (0x00000007877daa60) 
thrown [./open/src/hotspot/share/interpreter/linkResolver.cpp, line 790]
Event: 0.684 Thread 0x00007fe3ae008a00 Exception <a 'java/lang/NoSuchMethodError'{0x00000007877f14c8}: 'void java.lang.invoke.DirectMethodHandle$Holder.invokeInterface(java.lang.Object, java.lang.Object)'> (0x00000007877f14c8) 
thrown [./open/src/hotspot/share/interpreter/linkResolver.cpp, line 790]
Event: 0.686 Thread 0x00007fe3ae008a00 Exception <a 'java/lang/IncompatibleClassChangeError'{0x00000007877f4980}: Found class java.lang.Object, but interface was expected> (0x00000007877f4980) 
thrown [./open/src/hotspot/share/interpreter/linkResolver.cpp, line 857]
Event: 0.692 Thread 0x00007fe3ae008a00 Exception <a 'java/lang/NoSuchMethodError'{0x000000078762f8b8}: 'java.lang.Object java.lang.invoke.DirectMethodHandle$Holder.invokeStaticInit(java.lang.Object)'> (0x000000078762f8b8) 
thrown [./open/src/hotspot/share/interpreter/linkResolver.cpp, line 790]
Event: 0.747 Thread 0x00007fe3ae008a00 Exception <a 'java/lang/NoSuchMethodError'{0x000000078754bef8}: 'int java.lang.invoke.DirectMethodHandle$Holder.invokeStatic(java.lang.Object, java.lang.Object, java.lang.Object, java.lang.Object)'> (0x000000078754bef8) 
thrown [./open/src/hotspot/share/interpreter/linkResolver.cpp, line 790]
Event: 0.754 Thread 0x00007fe3ae008a00 Exception <a 'java/lang/NoSuchMethodError'{0x0000000787567868}: 'void java.lang.invoke.DirectMethodHandle$Holder.invokeInterface(java.lang.Object, java.lang.Object, java.lang.Object)'> (0x0000000787567868) 
thrown [./open/src/hotspot/share/interpreter/linkResolver.cpp, line 790]
Event: 0.823 Thread 0x00007fe3ae008a00 Exception <a 'java/lang/NoSuchMethodError'{0x000000078749c3a0}: 'java.lang.Object java.lang.invoke.Invokers$Holder.invokeExact_MT(java.lang.Object, java.lang.Object, java.lang.Object, java.lang.Object, java.lang.Object, java.lang.Object)'> (0x000000078749c3a0) 
thrown [./open/src/hotspot/share/interpreter/linkResolver.cpp, line 790]

Events (20 events):
Event: 1702.072 Executing  VM operation: get/set locals done
Event: 1702.073 Executing  VM operation: get/set locals
Event: 1702.073 Executing  VM operation: get/set locals done
Event: 1702.101 Executing  VM operation: get/set locals
Event: 1702.102 Executing  VM operation: get/set locals done
Event: 1702.107 Executing  VM operation: get/set locals
Event: 1702.107 Executing  VM operation: get/set locals done
Event: 1702.110 Executing  VM operation: get/set locals
Event: 1702.111 Executing  VM operation: get/set locals done
Event: 1702.112 Executing  VM operation: get/set locals
Event: 1702.112 Executing  VM operation: get/set locals done
Event: 1827.772 Executing  VM operation: ChangeBreakpoints
Event: 1827.773 Executing  VM operation: ChangeBreakpoints done
Event: 1831.061 Executing  VM operation: ChangeBreakpoints
Event: 1831.061 Executing  VM operation: ChangeBreakpoints done
Event: 1831.063 Executing  VM operation: RedefineClasses
Event: 1831.071 Executing  VM operation: RedefineClasses done
Event: 1831.235 Executing  VM operation: ChangeBreakpoints
Event: 1831.235 Executing  VM operation: ChangeBreakpoints done
Event: 1831.296 Executing  VM operation: get/set locals


Dynamic libraries:
0x00007fff2a5c2000 	/usr/lib/libz.1.dylib
0x000000010b8b3000 	/Library/Java/JavaVirtualMachines/jdk-16.0.2.jdk/Contents/Home/lib/libjli.dylib
0x00007fff34ffb000 	/System/Library/Frameworks/Cocoa.framework/Versions/A/Cocoa
0x00007fff22341000 	/System/Library/Frameworks/Security.framework/Versions/A/Security
0x00007fff33203000 	/System/Library/Frameworks/ApplicationServices.framework/Versions/A/ApplicationServices
0x00007fff2a68a000 	/usr/lib/libSystem.B.dylib
0x00007fff2a684000 	/usr/lib/system/libcache.dylib
0x00007fff2a640000 	/usr/lib/system/libcommonCrypto.dylib
0x00007fff2a66a000 	/usr/lib/system/libcompiler_rt.dylib
0x00007fff2a65f000 	/usr/lib/system/libcopyfile.dylib
0x00007fff2023a000 	/usr/lib/system/libcorecrypto.dylib
0x00007fff20305000 	/usr/lib/system/libdispatch.dylib
0x00007fff204b8000 	/usr/lib/system/libdyld.dylib
0x00007fff2a67b000 	/usr/lib/system/libkeymgr.dylib
0x00007fff2da93000 	/usr/lib/system/liblaunch.dylib
0x00007fff2a61e000 	/usr/lib/system/libmacho.dylib
0x00007fff29e16000 	/usr/lib/system/libquarantine.dylib
0x00007fff2a678000 	/usr/lib/system/libremovefile.dylib
0x00007fff24d1c000 	/usr/lib/system/libsystem_asl.dylib
0x00007fff201ea000 	/usr/lib/system/libsystem_blocks.dylib
0x00007fff20387000 	/usr/lib/system/libsystem_c.dylib
0x00007fff2a672000 	/usr/lib/system/libsystem_collections.dylib
0x00007fff2911c000 	/usr/lib/system/libsystem_configuration.dylib
0x00007fff28408000 	/usr/lib/system/libsystem_containermanager.dylib
0x00007fff2a3c1000 	/usr/lib/system/libsystem_coreservices.dylib
0x00007fff228f9000 	/usr/lib/system/libsystem_darwin.dylib
0x00007fff2a67c000 	/usr/lib/system/libsystem_dnssd.dylib
0x00007fff20384000 	/usr/lib/system/libsystem_featureflags.dylib
0x00007fff204fe000 	/usr/lib/system/libsystem_info.dylib
0x00007fff2a5d5000 	/usr/lib/system/libsystem_m.dylib
0x00007fff202d8000 	/usr/lib/system/libsystem_malloc.dylib
0x00007fff24caf000 	/usr/lib/system/libsystem_networkextension.dylib
0x00007fff22d18000 	/usr/lib/system/libsystem_notify.dylib
0x00007fff2ff2a000 	/usr/lib/system/libsystem_product_info_filter.dylib
0x00007fff29120000 	/usr/lib/system/libsystem_sandbox.dylib
0x00007fff2a675000 	/usr/lib/system/libsystem_secinit.dylib
0x00007fff2047c000 	/usr/lib/system/libsystem_kernel.dylib
0x00007fff204f4000 	/usr/lib/system/libsystem_platform.dylib
0x00007fff204ac000 	/usr/lib/system/libsystem_pthread.dylib
0x00007fff263f9000 	/usr/lib/system/libsystem_symptoms.dylib
0x00007fff20222000 	/usr/lib/system/libsystem_trace.dylib
0x00007fff2a64c000 	/usr/lib/system/libunwind.dylib
0x00007fff201ec000 	/usr/lib/system/libxpc.dylib
0x00007fff20466000 	/usr/lib/libc++abi.dylib
0x00007fff2034a000 	/usr/lib/libobjc.A.dylib
0x00007fff2a657000 	/usr/lib/liboah.dylib
0x00007fff20410000 	/usr/lib/libc++.1.dylib
0x00007fff2052a000 	/System/Library/Frameworks/CoreFoundation.framework/Versions/A/CoreFoundation
0x00007fff212d9000 	/System/Library/Frameworks/Foundation.framework/Versions/C/Foundation
0x00007fff22d72000 	/System/Library/Frameworks/AppKit.framework/Versions/C/AppKit
0x00007fff25c35000 	/System/Library/Frameworks/CoreData.framework/Versions/A/CoreData
0x00007fff23abd000 	/System/Library/PrivateFrameworks/UIFoundation.framework/Versions/A/UIFoundation
0x00007fff2fcbd000 	/System/Library/PrivateFrameworks/RemoteViewServices.framework/Versions/A/RemoteViewServices
0x00007fff28ace000 	/System/Library/PrivateFrameworks/XCTTargetBootstrap.framework/Versions/A/XCTTargetBootstrap
0x00007fff2b7b3000 	/usr/lib/libspindump.dylib
0x00007fff23d0c000 	/System/Library/Frameworks/UniformTypeIdentifiers.framework/Versions/A/UniformTypeIdentifiers
0x00007fff272d2000 	/usr/lib/libapp_launch_measurement.dylib
0x00007fff272d5000 	/System/Library/PrivateFrameworks/CoreAutoLayout.framework/Versions/A/CoreAutoLayout
0x00007fff28435000 	/System/Library/Frameworks/Metal.framework/Versions/A/Metal
0x00007fff2912b000 	/usr/lib/liblangid.dylib
0x00007fff28ad2000 	/System/Library/PrivateFrameworks/CoreSVG.framework/Versions/A/CoreSVG
0x00007fff24d4c000 	/System/Library/PrivateFrameworks/SkyLight.framework/Versions/A/SkyLight
0x00007fff250b2000 	/System/Library/Frameworks/CoreGraphics.framework/Versions/A/CoreGraphics
0x00007fff301e4000 	/System/Library/Frameworks/Accelerate.framework/Versions/A/Accelerate
0x00007fff2b1f1000 	/System/Library/PrivateFrameworks/IconServices.framework/Versions/A/IconServices
0x00007fff28419000 	/System/Library/Frameworks/IOSurface.framework/Versions/A/IOSurface
0x00007fff265bd000 	/usr/lib/libDiagnosticMessagesClient.dylib
0x00007fff28aba000 	/System/Library/PrivateFrameworks/DFRFoundation.framework/Versions/A/DFRFoundation
0x00007fff22699000 	/usr/lib/libicucore.A.dylib
0x00007fff2ccfc000 	/System/Library/Frameworks/AudioToolbox.framework/Versions/A/AudioToolbox
0x00007fff2bf84000 	/System/Library/PrivateFrameworks/DataDetectorsCore.framework/Versions/A/DataDetectorsCore
0x00007fff24cbf000 	/usr/lib/libMobileGestalt.dylib
0x00007fff287be000 	/System/Library/Frameworks/Carbon.framework/Versions/A/Frameworks/HIToolbox.framework/Versions/A/HIToolbox
0x00007fff26d17000 	/System/Library/Frameworks/QuartzCore.framework/Versions/A/QuartzCore
0x00007fff2fcf5000 	/System/Library/Frameworks/Carbon.framework/Versions/A/Frameworks/SpeechRecognition.framework/Versions/A/SpeechRecognition
0x00007fff27037000 	/System/Library/PrivateFrameworks/CoreUI.framework/Versions/A/CoreUI
0x00007fff21caf000 	/System/Library/Frameworks/CoreAudio.framework/Versions/A/CoreAudio
0x00007fff266a8000 	/System/Library/Frameworks/DiskArbitration.framework/Versions/A/DiskArbitration
0x00007fff2bb81000 	/System/Library/PrivateFrameworks/MultitouchSupport.framework/Versions/A/MultitouchSupport
0x00007fff2bf7b000 	/System/Library/PrivateFrameworks/InternationalSupport.framework/Versions/A/InternationalSupport
0x00007fff24cbe000 	/usr/lib/libenergytrace.dylib
0x00007fff22c69000 	/System/Library/Frameworks/IOKit.framework/Versions/A/IOKit
0x00007fff30028000 	/System/Library/Frameworks/CoreServices.framework/Versions/A/CoreServices
0x00007fff27264000 	/System/Library/PrivateFrameworks/PerformanceAnalysis.framework/Versions/A/PerformanceAnalysis
0x00007fff6bb93000 	/System/Library/Frameworks/OpenGL.framework/Versions/A/OpenGL
0x00007fff2bfff000 	/System/Library/PrivateFrameworks/UserActivity.framework/Versions/A/UserActivity
0x00007fff2573c000 	/System/Library/Frameworks/ColorSync.framework/Versions/A/ColorSync
0x00007fff28d39000 	/System/Library/Frameworks/CoreImage.framework/Versions/A/CoreImage
0x00007fff21ac9000 	/System/Library/Frameworks/CoreText.framework/Versions/A/CoreText
0x00007fff28afc000 	/System/Library/Frameworks/ImageIO.framework/Versions/A/ImageIO
0x00007fff2a690000 	/System/Library/PrivateFrameworks/SoftLinking.framework/Versions/A/SoftLinking
0x00007fff2731d000 	/usr/lib/libxml2.2.dylib
0x00007fff2a901000 	/usr/lib/libcompression.dylib
0x00007fff2bead000 	/System/Library/PrivateFrameworks/TextureIO.framework/Versions/A/TextureIO
0x00007fff2af30000 	/usr/lib/libate.dylib
0x00007fff2ad15000 	/usr/lib/liblzma.5.dylib
0x00007fff20fed000 	/System/Library/Frameworks/SystemConfiguration.framework/Versions/A/SystemConfiguration
0x00007fff2a68c000 	/usr/lib/libfakelink.dylib
0x00007fff24810000 	/System/Library/Frameworks/CFNetwork.framework/Versions/A/CFNetwork
0x00007fff2a7cc000 	/usr/lib/libarchive.2.dylib
0x00007fff2106b000 	/usr/lib/libCRFSuite.dylib
0x00007fff29e3d000 	/usr/lib/libbsm.0.dylib
0x00007fff24189000 	/usr/lib/libnetwork.dylib
0x00007fff2a691000 	/usr/lib/libpcap.A.dylib
0x00007fff263f2000 	/usr/lib/libdns_services.dylib
0x00007fff2ad2e000 	/usr/lib/libcoretls_cfhelpers.dylib
0x00007fff2a8cb000 	/usr/lib/libapple_nghttp2.dylib
0x00007fff2a624000 	/usr/lib/system/libkxld.dylib
0x00007fff2606b000 	/usr/lib/libsqlite3.dylib
0x00007fff2a3a4000 	/System/Library/PrivateFrameworks/AppleFSCompression.framework/Versions/A/AppleFSCompression
0x00007fff29e25000 	/usr/lib/libcoretls.dylib
0x00007fff2a8fc000 	/usr/lib/libpam.2.dylib
0x00007fff2ae2c000 	/usr/lib/libxar.1.dylib
0x00007fff29127000 	/System/Library/PrivateFrameworks/AppleSystemInfo.framework/Versions/A/AppleSystemInfo
0x00007fff29a67000 	/System/Library/PrivateFrameworks/IOMobileFramebuffer.framework/Versions/A/IOMobileFramebuffer
0x00007fff2a3b4000 	/usr/lib/libbz2.1.0.dylib
0x00007fff2a6c9000 	/usr/lib/libiconv.2.dylib
0x00007fff2a61d000 	/usr/lib/libcharset.1.dylib
0x00007fff272a0000 	/System/Library/Frameworks/CoreServices.framework/Versions/A/Frameworks/FSEvents.framework/Versions/A/FSEvents
0x00007fff22903000 	/System/Library/Frameworks/CoreServices.framework/Versions/A/Frameworks/CarbonCore.framework/Versions/A/CarbonCore
0x00007fff2660d000 	/System/Library/Frameworks/CoreServices.framework/Versions/A/Frameworks/Metadata.framework/Versions/A/Metadata
0x00007fff2a3c6000 	/System/Library/Frameworks/CoreServices.framework/Versions/A/Frameworks/OSServices.framework/Versions/A/OSServices
0x00007fff2a83e000 	/System/Library/Frameworks/CoreServices.framework/Versions/A/Frameworks/SearchKit.framework/Versions/A/SearchKit
0x00007fff2637d000 	/System/Library/Frameworks/CoreServices.framework/Versions/A/Frameworks/AE.framework/Versions/A/AE
0x00007fff209c8000 	/System/Library/Frameworks/CoreServices.framework/Versions/A/Frameworks/LaunchServices.framework/Versions/A/LaunchServices
0x00007fff2acc5000 	/System/Library/Frameworks/CoreServices.framework/Versions/A/Frameworks/DictionaryServices.framework/Versions/A/DictionaryServices
0x00007fff272ad000 	/System/Library/Frameworks/CoreServices.framework/Versions/A/Frameworks/SharedFileList.framework/Versions/A/SharedFileList
0x00007fff29e19000 	/usr/lib/libCheckFix.dylib
0x00007fff24d33000 	/System/Library/PrivateFrameworks/TCC.framework/Versions/A/TCC
0x00007fff2912d000 	/System/Library/PrivateFrameworks/CoreNLP.framework/Versions/A/CoreNLP
0x00007fff265c0000 	/System/Library/PrivateFrameworks/MetadataUtilities.framework/Versions/A/MetadataUtilities
0x00007fff210a0000 	/usr/lib/libmecabra.dylib
0x00007fff2a123000 	/System/Library/Frameworks/MLCompute.framework/Versions/A/MLCompute
0x00007fff29e4e000 	/usr/lib/libmecab.dylib
0x00007fff29e98000 	/usr/lib/libgermantok.dylib
0x00007fff2a8a6000 	/usr/lib/libThaiTokenizer.dylib
0x00007fff2ae67000 	/usr/lib/libChineseTokenizer.dylib
0x00007fff2a8fa000 	/System/Library/Frameworks/MetalPerformanceShaders.framework/Versions/A/MetalPerformanceShaders
0x00007fff266af000 	/System/Library/Frameworks/Accelerate.framework/Versions/A/Frameworks/vImage.framework/Versions/A/vImage
0x00007fff30002000 	/System/Library/Frameworks/Accelerate.framework/Versions/A/Frameworks/vecLib.framework/Versions/A/vecLib
0x00007fff2ae72000 	/System/Library/Frameworks/Accelerate.framework/Versions/A/Frameworks/vecLib.framework/Versions/A/libvMisc.dylib
0x00007fff29882000 	/System/Library/Frameworks/Accelerate.framework/Versions/A/Frameworks/vecLib.framework/Versions/A/libvDSP.dylib
0x00007fff20cd3000 	/System/Library/Frameworks/Accelerate.framework/Versions/A/Frameworks/vecLib.framework/Versions/A/libBLAS.dylib
0x00007fff2a927000 	/System/Library/Frameworks/Accelerate.framework/Versions/A/Frameworks/vecLib.framework/Versions/A/libLAPACK.dylib
0x00007fff29e9e000 	/System/Library/Frameworks/Accelerate.framework/Versions/A/Frameworks/vecLib.framework/Versions/A/libLinearAlgebra.dylib
0x00007fff2a8e3000 	/System/Library/Frameworks/Accelerate.framework/Versions/A/Frameworks/vecLib.framework/Versions/A/libSparseBLAS.dylib
0x00007fff2a921000 	/System/Library/Frameworks/Accelerate.framework/Versions/A/Frameworks/vecLib.framework/Versions/A/libQuadrature.dylib
0x00007fff291d9000 	/System/Library/Frameworks/Accelerate.framework/Versions/A/Frameworks/vecLib.framework/Versions/A/libBNNS.dylib
0x00007fff20f7e000 	/System/Library/Frameworks/Accelerate.framework/Versions/A/Frameworks/vecLib.framework/Versions/A/libSparse.dylib
0x00007fff290b5000 	/System/Library/Frameworks/MetalPerformanceShaders.framework/Versions/A/Frameworks/MPSCore.framework/Versions/A/MPSCore
0x00007fff2a313000 	/System/Library/Frameworks/MetalPerformanceShaders.framework/Versions/A/Frameworks/MPSImage.framework/Versions/A/MPSImage
0x00007fff29eb4000 	/System/Library/Frameworks/MetalPerformanceShaders.framework/Versions/A/Frameworks/MPSNeuralNetwork.framework/Versions/A/MPSNeuralNetwork
0x00007fff2a285000 	/System/Library/Frameworks/MetalPerformanceShaders.framework/Versions/A/Frameworks/MPSMatrix.framework/Versions/A/MPSMatrix
0x00007fff2a0d3000 	/System/Library/Frameworks/MetalPerformanceShaders.framework/Versions/A/Frameworks/MPSRayIntersector.framework/Versions/A/MPSRayIntersector
0x00007fff2a2bc000 	/System/Library/Frameworks/MetalPerformanceShaders.framework/Versions/A/Frameworks/MPSNDArray.framework/Versions/A/MPSNDArray
0x00007fff20bfe000 	/System/Library/PrivateFrameworks/MetalTools.framework/Versions/A/MetalTools
0x00007fff29125000 	/System/Library/PrivateFrameworks/AggregateDictionary.framework/Versions/A/AggregateDictionary
0x00007fff2658d000 	/System/Library/PrivateFrameworks/CoreAnalytics.framework/Versions/A/CoreAnalytics
0x00007fff2a8a8000 	/System/Library/PrivateFrameworks/AppleSauce.framework/Versions/A/AppleSauce
0x00007fff2842b000 	/System/Library/PrivateFrameworks/IOAccelerator.framework/Versions/A/IOAccelerator
0x00007fff6bb87000 	/System/Library/Frameworks/OpenGL.framework/Versions/A/Libraries/libCoreFSCache.dylib
0x00007fff21638000 	/System/Library/PrivateFrameworks/LanguageModeling.framework/Versions/A/LanguageModeling
0x00007fff29a55000 	/System/Library/PrivateFrameworks/CoreEmoji.framework/Versions/A/CoreEmoji
0x00007fff291d2000 	/System/Library/PrivateFrameworks/LinguisticData.framework/Versions/A/LinguisticData
0x00007fff20f30000 	/System/Library/PrivateFrameworks/Lexicon.framework/Versions/A/Lexicon
0x00007fff2a7ba000 	/usr/lib/libcmph.dylib
0x00007fff27280000 	/System/Library/Frameworks/OpenDirectory.framework/Versions/A/Frameworks/CFOpenDirectory.framework/Versions/A/CFOpenDirectory
0x00007fff27270000 	/System/Library/Frameworks/OpenDirectory.framework/Versions/A/OpenDirectory
0x00007fff2ad30000 	/System/Library/PrivateFrameworks/APFS.framework/Versions/A/APFS
0x00007fff29d7b000 	/System/Library/Frameworks/SecurityFoundation.framework/Versions/A/SecurityFoundation
0x00007fff2ae3a000 	/usr/lib/libutil.dylib
0x00007fff22c2e000 	/System/Library/PrivateFrameworks/CoreServicesStore.framework/Versions/A/CoreServicesStore
0x00007fff29e11000 	/System/Library/Frameworks/ServiceManagement.framework/Versions/A/ServiceManagement
0x00007fff2ae3e000 	/usr/lib/libxslt.1.dylib
0x00007fff29e07000 	/System/Library/PrivateFrameworks/BackgroundTaskManagement.framework/Versions/A/BackgroundTaskManagement
0x00007fff2bdf7000 	/System/Library/Frameworks/ImageIO.framework/Versions/A/Resources/libRadiance.dylib
0x00007fff2be01000 	/System/Library/Frameworks/ImageIO.framework/Versions/A/Resources/libJPEG.dylib
0x00007fff2bd4b000 	/System/Library/Frameworks/ImageIO.framework/Versions/A/Resources/libPng.dylib
0x00007fff2bd72000 	/System/Library/Frameworks/ImageIO.framework/Versions/A/Resources/libTIFF.dylib
0x00007fff2be56000 	/System/Library/Frameworks/ImageIO.framework/Versions/A/Resources/libGIF.dylib
0x00007fff2ba9d000 	/System/Library/Frameworks/ImageIO.framework/Versions/A/Resources/libJP2.dylib
0x00007fff2b1b9000 	/usr/lib/libexpat.1.dylib
0x00007fff2ba53000 	/System/Library/PrivateFrameworks/AppleJPEG.framework/Versions/A/AppleJPEG
0x00007fff28661000 	/System/Library/PrivateFrameworks/FontServices.framework/libFontParser.dylib
0x00007fff26334000 	/System/Library/PrivateFrameworks/RunningBoardServices.framework/Versions/A/RunningBoardServices
0x00007fff2bb7d000 	/System/Library/PrivateFrameworks/WatchdogClient.framework/Versions/A/WatchdogClient
0x00007fff21721000 	/System/Library/Frameworks/CoreDisplay.framework/Versions/A/CoreDisplay
0x00007fff28576000 	/System/Library/Frameworks/CoreMedia.framework/Versions/A/CoreMedia
0x00007fff27400000 	/System/Library/Frameworks/CoreVideo.framework/Versions/A/CoreVideo
0x00007fff2bbb8000 	/System/Library/Frameworks/VideoToolbox.framework/Versions/A/VideoToolbox
0x00007fff262b4000 	/System/Library/PrivateFrameworks/BaseBoard.framework/Versions/A/BaseBoard
0x00007fff2b2fd000 	/System/Library/PrivateFrameworks/PersistentConnection.framework/Versions/A/PersistentConnection
0x00007fff26055000 	/System/Library/PrivateFrameworks/ProtocolBuffer.framework/Versions/A/ProtocolBuffer
0x00007fff2629c000 	/System/Library/PrivateFrameworks/CommonUtilities.framework/Versions/A/CommonUtilities
0x00007fff2ba16000 	/System/Library/PrivateFrameworks/Bom.framework/Versions/A/Bom
0x00007fff2bdef000 	/System/Library/PrivateFrameworks/GPUWrangler.framework/Versions/A/GPUWrangler
0x00007fff2bdd2000 	/System/Library/PrivateFrameworks/IOPresentment.framework/Versions/A/IOPresentment
0x00007fff2bdfb000 	/System/Library/PrivateFrameworks/DSExternalDisplay.framework/Versions/A/DSExternalDisplay
0x00007fff2be5b000 	/System/Library/PrivateFrameworks/CMCaptureCore.framework/Versions/A/CMCaptureCore
0x00007fff2b799000 	/System/Library/PrivateFrameworks/AppServerSupport.framework/Versions/A/AppServerSupport
0x00007fff2d836000 	/System/Library/PrivateFrameworks/perfdata.framework/Versions/A/perfdata
0x00007fff29d6a000 	/System/Library/PrivateFrameworks/AssertionServices.framework/Versions/A/AssertionServices
0x00007fff21858000 	/System/Library/PrivateFrameworks/AudioToolboxCore.framework/Versions/A/AudioToolboxCore
0x00007fff28559000 	/System/Library/PrivateFrameworks/caulk.framework/Versions/A/caulk
0x00007fff3cce2000 	/System/Library/PrivateFrameworks/SystemPolicy.framework/Versions/A/SystemPolicy
0x00007fff2afc8000 	/usr/lib/libIOReport.dylib
0x00007fff2d072000 	/usr/lib/libSMC.dylib
0x00007fff2bd17000 	/usr/lib/libAudioToolboxUtility.dylib
0x00007fff3d63f000 	/usr/lib/libmis.dylib
0x00007fff6bbe3000 	/System/Library/Frameworks/OpenGL.framework/Versions/A/Libraries/libGLU.dylib
0x00007fff6bba6000 	/System/Library/Frameworks/OpenGL.framework/Versions/A/Libraries/libGFXShared.dylib
0x00007fff6bdb4000 	/System/Library/Frameworks/OpenGL.framework/Versions/A/Libraries/libGL.dylib
0x00007fff6bbaf000 	/System/Library/Frameworks/OpenGL.framework/Versions/A/Libraries/libGLImage.dylib
0x00007fff6bba3000 	/System/Library/Frameworks/OpenGL.framework/Versions/A/Libraries/libCVMSPluginSupport.dylib
0x00007fff6bb8e000 	/System/Library/Frameworks/OpenGL.framework/Versions/A/Libraries/libCoreVMClient.dylib
0x00007fff6d1fe000 	/System/Library/Frameworks/OpenCL.framework/Versions/A/OpenCL
0x00007fff2b326000 	/System/Library/PrivateFrameworks/GraphVisualizer.framework/Versions/A/GraphVisualizer
0x00007fff2b335000 	/System/Library/PrivateFrameworks/FaceCore.framework/Versions/A/FaceCore
0x00007fff2b751000 	/System/Library/PrivateFrameworks/OTSVG.framework/Versions/A/OTSVG
0x00007fff26ff5000 	/System/Library/Frameworks/ApplicationServices.framework/Versions/A/Frameworks/ATS.framework/Versions/A/Resources/libFontRegistry.dylib
0x00007fff2b7a0000 	/System/Library/PrivateFrameworks/FontServices.framework/libhvf.dylib
0x00007fff2b165000 	/System/Library/PrivateFrameworks/AppleVA.framework/Versions/A/AppleVA
0x00007fff2ceba000 	/System/Library/Frameworks/ApplicationServices.framework/Versions/A/Frameworks/ATS.framework/Versions/A/ATS
0x00007fff2d1cd000 	/System/Library/Frameworks/ApplicationServices.framework/Versions/A/Frameworks/ColorSyncLegacy.framework/Versions/A/ColorSyncLegacy
0x00007fff25833000 	/System/Library/Frameworks/ApplicationServices.framework/Versions/A/Frameworks/HIServices.framework/Versions/A/HIServices
0x00007fff2d1b2000 	/System/Library/Frameworks/ApplicationServices.framework/Versions/A/Frameworks/LangAnalysis.framework/Versions/A/LangAnalysis
0x00007fff2be65000 	/System/Library/Frameworks/ApplicationServices.framework/Versions/A/Frameworks/PrintCore.framework/Versions/A/PrintCore
0x00007fff2d1d5000 	/System/Library/Frameworks/ApplicationServices.framework/Versions/A/Frameworks/QD.framework/Versions/A/QD
0x00007fff2ceaa000 	/System/Library/Frameworks/ApplicationServices.framework/Versions/A/Frameworks/SpeechSynthesis.framework/Versions/A/SpeechSynthesis
0x00007fff2be26000 	/System/Library/Frameworks/ApplicationServices.framework/Versions/A/Frameworks/ATSUI.framework/Versions/A/ATSUI
0x00007fff2d152000 	/usr/lib/libcups.2.dylib
0x00007fff2d1c2000 	/System/Library/PrivateFrameworks/NetAuth.framework/Versions/A/NetAuth
0x00007fff2d851000 	/System/Library/Frameworks/Kerberos.framework/Versions/A/Kerberos
0x00007fff2d861000 	/System/Library/Frameworks/GSS.framework/Versions/A/GSS
0x00007fff2cf27000 	/usr/lib/libresolv.9.dylib
0x00007fff2b7b6000 	/System/Library/PrivateFrameworks/Heimdal.framework/Versions/A/Heimdal
0x00007fff33518000 	/System/Library/Frameworks/Kerberos.framework/Versions/A/Libraries/libHeimdalProxy.dylib
0x00007fff26401000 	/System/Library/Frameworks/Network.framework/Versions/A/Network
0x00007fff2b1d2000 	/usr/lib/libheimdal-asn1.dylib
0x00007fff2d8b2000 	/System/Library/PrivateFrameworks/CommonAuth.framework/Versions/A/CommonAuth
0x00007fff2744e000 	/System/Library/PrivateFrameworks/login.framework/Versions/A/Frameworks/loginsupport.framework/Versions/A/loginsupport
0x00007fff2ce31000 	/System/Library/PrivateFrameworks/AudioSession.framework/Versions/A/AudioSession
0x00007fff2ce97000 	/usr/lib/libAudioStatistics.dylib
0x00007fff2b25e000 	/System/Library/PrivateFrameworks/MediaExperience.framework/Versions/A/MediaExperience
0x00007fff2ccca000 	/System/Library/PrivateFrameworks/AudioSession.framework/libSessionUtility.dylib
0x00007fff2d842000 	/usr/lib/libperfcheck.dylib
0x00007fff2d1e1000 	/System/Library/PrivateFrameworks/AudioResourceArbitration.framework/Versions/A/AudioResourceArbitration
0x00007fff2b1dc000 	/System/Library/PrivateFrameworks/IconFoundation.framework/Versions/A/IconFoundation
0x00007fff2fce5000 	/System/Library/PrivateFrameworks/SpeechRecognitionCore.framework/Versions/A/SpeechRecognitionCore
0x000000010e000000 	/Library/Java/JavaVirtualMachines/jdk-16.0.2.jdk/Contents/Home/lib/server/libjvm.dylib
0x000000010b8de000 	/Library/Java/JavaVirtualMachines/jdk-16.0.2.jdk/Contents/Home/lib/libjimage.dylib
0x000000010b8ec000 	/Library/Java/JavaVirtualMachines/jdk-16.0.2.jdk/Contents/Home/lib/libjdwp.dylib
0x000000010b92e000 	/Library/Java/JavaVirtualMachines/jdk-16.0.2.jdk/Contents/Home/lib/libjava.dylib
0x000000010b959000 	/Library/Java/JavaVirtualMachines/jdk-16.0.2.jdk/Contents/Home/lib/libinstrument.dylib
0x000000010bfe9000 	/Library/Java/JavaVirtualMachines/jdk-16.0.2.jdk/Contents/Home/lib/libdt_socket.dylib
0x00000001166ae000 	/Library/Java/JavaVirtualMachines/jdk-16.0.2.jdk/Contents/Home/lib/libzip.dylib
0x00000001166bc000 	/Library/Java/JavaVirtualMachines/jdk-16.0.2.jdk/Contents/Home/lib/libnio.dylib
0x00000001166d0000 	/Library/Java/JavaVirtualMachines/jdk-16.0.2.jdk/Contents/Home/lib/libnet.dylib
0x00000001166ea000 	/Library/Java/JavaVirtualMachines/jdk-16.0.2.jdk/Contents/Home/lib/libverify.dylib


VM Arguments:
jvm_args: -agentlib:jdwp=transport=dt_socket,address=127.0.0.1:58145,suspend=y,server=n -ea -Didea.test.cyclic.buffer.size=1048576 -javaagent:/Users/yuka/Library/Caches/JetBrains/IdeaIC2021.2/captureAgent/debugger-agent.jar -Dfile.encoding=UTF-8 
java_command: com.intellij.rt.junit.JUnitStarter -ideVersion5 -junit5 passoff.HangmanTest
java_class_path (initial): /Applications/IntelliJ IDEA CE.app/Contents/lib/idea_rt.jar:/Applications/IntelliJ IDEA CE.app/Contents/plugins/junit/lib/junit5-rt.jar:/Applications/IntelliJ IDEA CE.app/Contents/plugins/junit/lib/junit-rt.jar:/Users/yuka/EvilHangman/out/production/EvilHangman:/Users/yuka/EvilHangman/jars/junit-5.0.jar:/Users/yuka/EvilHangman/jars/junit-jupiter-api-5.2.0.jar:/Users/yuka/EvilHangman/jars/junit-jupiter-engine-5.2.0.jar:/Users/yuka/EvilHangman/jars/junit-platform-commons-1.2.0.jar:/Users/yuka/EvilHangman/jars/junit-platform-engine-1.2.0.jar:/Users/yuka/EvilHangman/jars/junit-platform-launcher-1.2.0.jar:/Users/yuka/EvilHangman/jars/junit-vintage-engine-5.4.0.jar:/Users/yuka/EvilHangman/jars/opentest4j-1.1.1.jar
Launcher Type: SUN_STANDARD

[Global flags]
     intx CICompilerCount                          = 3                                         {product} {ergonomic}
     uint ConcGCThreads                            = 1                                         {product} {ergonomic}
     uint G1ConcRefinementThreads                  = 4                                         {product} {ergonomic}
   size_t G1HeapRegionSize                         = 1048576                                   {product} {ergonomic}
    uintx GCDrainStackTargetSize                   = 64                                        {product} {ergonomic}
   size_t InitialHeapSize                          = 134217728                                 {product} {ergonomic}
   size_t MarkStackSize                            = 4194304                                   {product} {ergonomic}
   size_t MaxHeapSize                              = 2147483648                                {product} {ergonomic}
   size_t MaxNewSize                               = 1287651328                                {product} {ergonomic}
   size_t MinHeapDeltaBytes                        = 1048576                                   {product} {ergonomic}
   size_t MinHeapSize                              = 8388608                                   {product} {ergonomic}
    uintx NonNMethodCodeHeapSize                   = 5832780                                {pd product} {ergonomic}
    uintx NonProfiledCodeHeapSize                  = 122912730                              {pd product} {ergonomic}
    uintx ProfiledCodeHeapSize                     = 122912730                              {pd product} {ergonomic}
    uintx ReservedCodeCacheSize                    = 251658240                              {pd product} {ergonomic}
     bool SegmentedCodeCache                       = true                                      {product} {ergonomic}
   size_t SoftMaxHeapSize                          = 2147483648                             {manageable} {ergonomic}
     bool UseCompressedClassPointers               = true                           {product lp64_product} {ergonomic}
     bool UseCompressedOops                        = true                           {product lp64_product} {ergonomic}
     bool UseG1GC                                  = true                                      {product} {ergonomic}
     bool UseNUMA                                  = false                                     {product} {ergonomic}
     bool UseNUMAInterleaving                      = false                                     {product} {ergonomic}

Logging:
Log output configuration:
 #0: stdout all=warning uptime,level,tags
 #1: stderr all=off uptime,level,tags

Environment Variables:
PATH=/usr/local/bin:/usr/bin:/bin:/usr/sbin:/sbin
SHELL=/bin/zsh
LC_CTYPE=en_US.UTF-8

Signal Handlers:
SIGSEGV: [libjvm.dylib+0xa7bdc0], sa_mask[0]=11100110000111110111111111111111, sa_flags=SA_ONSTACK|SA_RESTART|SA_SIGINFO
SIGBUS: [libjvm.dylib+0xa7bdc0], sa_mask[0]=11100110000111110111111111111111, sa_flags=SA_RESTART|SA_SIGINFO
SIGFPE: [libjvm.dylib+0xa7bdc0], sa_mask[0]=11100110000111110111111111111111, sa_flags=SA_RESTART|SA_SIGINFO
SIGPIPE: [libjvm.dylib+0x945be0], sa_mask[0]=11100110000111110111111111111111, sa_flags=SA_RESTART|SA_SIGINFO
SIGXFSZ: [libjvm.dylib+0x945be0], sa_mask[0]=11100110000111110111111111111111, sa_flags=SA_RESTART|SA_SIGINFO
SIGILL: [libjvm.dylib+0xa7bdc0], sa_mask[0]=11100110000111110111111111111111, sa_flags=SA_RESTART|SA_SIGINFO
SIGUSR2: [libjvm.dylib+0x946690], sa_mask[0]=00100000000000000000000000000000, sa_flags=SA_RESTART|SA_SIGINFO
SIGHUP: [libjvm.dylib+0x944c50], sa_mask[0]=11100110000111110111111111111111, sa_flags=SA_RESTART|SA_SIGINFO
SIGINT: [libjvm.dylib+0x944c50], sa_mask[0]=11100110000111110111111111111111, sa_flags=SA_RESTART|SA_SIGINFO
SIGTERM: [libjvm.dylib+0x944c50], sa_mask[0]=11100110000111110111111111111111, sa_flags=SA_RESTART|SA_SIGINFO
SIGQUIT: [libjvm.dylib+0x944c50], sa_mask[0]=11100110000111110111111111111111, sa_flags=SA_RESTART|SA_SIGINFO
SIGTRAP: [libjvm.dylib+0xa7bdc0], sa_mask[0]=11100110000111110111111111111111, sa_flags=SA_RESTART|SA_SIGINFO


---------------  S Y S T E M  ---------------

OS:uname: Darwin 20.6.0 Darwin Kernel Version 20.6.0: Wed Jun 23 00:26:31 PDT 2021; root:xnu-7195.141.2~5/RELEASE_X86_64 x86_64
OS uptime: 22 days 5:32 hours
rlimit (soft/hard): STACK 8192k/65532k , CORE 0k/infinity , NPROC 1392/2088 , NOFILE 10240/infinity , AS infinity/infinity , CPU infinity/infinity , DATA infinity/infinity , FSIZE infinity/infinity , MEMLOCK infinity/infinity , RSS infinity/infinity
load average: 2.75 2.23 2.12

CPU: total 4 (initial active 4) (2 cores per cpu, 2 threads per core) family 6 model 126 stepping 5 microcode 0xa6, cx8, cmov, fxsr, ht, mmx, 3dnowpref, sse, sse2, sse3, ssse3, sse4.1, sse4.2, popcnt, lzcnt, tsc, tscinvbit, avx, avx2, aes, erms, clmul, bmi1, bmi2, adx, sha, fma, vzeroupper, clflush, clflushopt

Memory: 4k page, physical 8388608k(192824k free), swap 2097152k(1422592k free)

vm_info: Java HotSpot(TM) 64-Bit Server VM (16.0.2+7-67) for bsd-amd64 JRE (16.0.2+7-67), built on Jun  8 2021 22:22:46 by "mach5one" with clang 4.2.1 Compatible Apple LLVM 11.0.0 (clang-1100.0.33.17)

END.
